{"/src/app/server.js": {"path":"/src/app/server.js","statementMap":{"0":{"start":{"line":2,"column":16},"end":{"line":2,"column":34}},"1":{"start":{"line":3,"column":15},"end":{"line":3,"column":32}},"2":{"start":{"line":4,"column":13},"end":{"line":4,"column":28}},"3":{"start":{"line":5,"column":15},"end":{"line":5,"column":32}},"4":{"start":{"line":6,"column":18},"end":{"line":6,"column":47}},"5":{"start":{"line":8,"column":0},"end":{"line":8,"column":52}},"6":{"start":{"line":10,"column":25},"end":{"line":10,"column":66}},"7":{"start":{"line":11,"column":19},"end":{"line":11,"column":54}},"8":{"start":{"line":12,"column":19},"end":{"line":12,"column":54}},"9":{"start":{"line":13,"column":20},"end":{"line":13,"column":56}},"10":{"start":{"line":15,"column":12},"end":{"line":15,"column":21}},"11":{"start":{"line":17,"column":0},"end":{"line":17,"column":18}},"12":{"start":{"line":18,"column":0},"end":{"line":23,"column":4}},"13":{"start":{"line":25,"column":16},"end":{"line":28,"column":2}},"14":{"start":{"line":29,"column":0},"end":{"line":29,"column":17}},"15":{"start":{"line":31,"column":0},"end":{"line":31,"column":23}},"16":{"start":{"line":32,"column":0},"end":{"line":32,"column":24}},"17":{"start":{"line":35,"column":0},"end":{"line":37,"column":3}},"18":{"start":{"line":36,"column":4},"end":{"line":36,"column":54}},"19":{"start":{"line":40,"column":0},"end":{"line":40,"column":45}},"20":{"start":{"line":41,"column":0},"end":{"line":41,"column":33}},"21":{"start":{"line":42,"column":0},"end":{"line":42,"column":34}},"22":{"start":{"line":43,"column":0},"end":{"line":43,"column":35}},"23":{"start":{"line":46,"column":0},"end":{"line":50,"column":3}},"24":{"start":{"line":47,"column":4},"end":{"line":49,"column":7}},"25":{"start":{"line":52,"column":0},"end":{"line":52,"column":21}}},"fnMap":{"0":{"name":"(anonymous_0)","decl":{"start":{"line":35,"column":13},"end":{"line":35,"column":14}},"loc":{"start":{"line":35,"column":27},"end":{"line":37,"column":1}},"line":35},"1":{"name":"(anonymous_1)","decl":{"start":{"line":46,"column":8},"end":{"line":46,"column":9}},"loc":{"start":{"line":46,"column":33},"end":{"line":50,"column":1}},"line":46}},"branchMap":{},"s":{"0":1,"1":1,"2":1,"3":1,"4":1,"5":1,"6":1,"7":1,"8":1,"9":1,"10":1,"11":1,"12":1,"13":1,"14":1,"15":1,"16":1,"17":1,"18":0,"19":1,"20":1,"21":1,"22":1,"23":1,"24":0,"25":1},"f":{"0":0,"1":0},"b":{},"_coverageSchema":"1a1c01bbd47fc00a2c39e90264f33305004495a9","hash":"59a38d092a041f1fb7e7d09361519fa82a774187"}
,"/src/app/config/config.js": {"path":"/src/app/config/config.js","statementMap":{"0":{"start":{"line":2,"column":19},"end":{"line":2,"column":36}},"1":{"start":{"line":3,"column":0},"end":{"line":3,"column":9}},"2":{"start":{"line":5,"column":0},"end":{"line":14,"column":2}}},"fnMap":{},"branchMap":{"0":{"loc":{"start":{"line":9,"column":10},"end":{"line":9,"column":83}},"type":"cond-expr","locations":[{"start":{"line":9,"column":44},"end":{"line":9,"column":55}},{"start":{"line":9,"column":58},"end":{"line":9,"column":83}}],"line":9}},"s":{"0":1,"1":1,"2":1},"f":{},"b":{"0":[0,1]},"_coverageSchema":"1a1c01bbd47fc00a2c39e90264f33305004495a9","hash":"e1418bae1bc5a0ad0ec5916db1c556aac2761ded"}
,"/src/app/config/db.js": {"path":"/src/app/config/db.js","statementMap":{"0":{"start":{"line":1,"column":15},"end":{"line":1,"column":28}},"1":{"start":{"line":2,"column":13},"end":{"line":2,"column":32}},"2":{"start":{"line":4,"column":13},"end":{"line":10,"column":2}},"3":{"start":{"line":12,"column":0},"end":{"line":12,"column":22}}},"fnMap":{},"branchMap":{},"s":{"0":1,"1":1,"2":1,"3":1},"f":{},"b":{},"_coverageSchema":"1a1c01bbd47fc00a2c39e90264f33305004495a9","hash":"cd755173944d884cd6fbe9b9ce233a42ce9f7c47"}
,"/src/app/src/controllers/admin.controller.js": {"path":"/src/app/src/controllers/admin.controller.js","statementMap":{"0":{"start":{"line":1,"column":15},"end":{"line":1,"column":32}},"1":{"start":{"line":2,"column":13},"end":{"line":2,"column":39}},"2":{"start":{"line":3,"column":29},"end":{"line":3,"column":57}},"3":{"start":{"line":4,"column":22},"end":{"line":4,"column":54}},"4":{"start":{"line":7,"column":22},"end":{"line":36,"column":1}},"5":{"start":{"line":8,"column":17},"end":{"line":8,"column":38}},"6":{"start":{"line":9,"column":2},"end":{"line":11,"column":3}},"7":{"start":{"line":10,"column":4},"end":{"line":10,"column":82}},"8":{"start":{"line":13,"column":69},"end":{"line":13,"column":77}},"9":{"start":{"line":15,"column":2},"end":{"line":35,"column":3}},"10":{"start":{"line":17,"column":21},"end":{"line":17,"column":102}},"11":{"start":{"line":18,"column":4},"end":{"line":20,"column":5}},"12":{"start":{"line":19,"column":6},"end":{"line":19,"column":73}},"13":{"start":{"line":23,"column":27},"end":{"line":23,"column":64}},"14":{"start":{"line":24,"column":21},"end":{"line":27,"column":5}},"15":{"start":{"line":30,"column":18},"end":{"line":30,"column":71}},"16":{"start":{"line":31,"column":4},"end":{"line":31,"column":43}},"17":{"start":{"line":33,"column":4},"end":{"line":33,"column":33}},"18":{"start":{"line":34,"column":4},"end":{"line":34,"column":65}},"19":{"start":{"line":39,"column":19},"end":{"line":62,"column":1}},"20":{"start":{"line":40,"column":42},"end":{"line":40,"column":50}},"21":{"start":{"line":42,"column":2},"end":{"line":61,"column":3}},"22":{"start":{"line":44,"column":21},"end":{"line":44,"column":102}},"23":{"start":{"line":45,"column":4},"end":{"line":47,"column":5}},"24":{"start":{"line":46,"column":6},"end":{"line":46,"column":69}},"25":{"start":{"line":50,"column":20},"end":{"line":50,"column":80}},"26":{"start":{"line":51,"column":4},"end":{"line":53,"column":5}},"27":{"start":{"line":52,"column":6},"end":{"line":52,"column":69}},"28":{"start":{"line":56,"column":18},"end":{"line":56,"column":62}},"29":{"start":{"line":57,"column":4},"end":{"line":57,"column":43}},"30":{"start":{"line":59,"column":4},"end":{"line":59,"column":33}},"31":{"start":{"line":60,"column":4},"end":{"line":60,"column":65}},"32":{"start":{"line":65,"column":21},"end":{"line":77,"column":1}},"33":{"start":{"line":66,"column":2},"end":{"line":76,"column":3}},"34":{"start":{"line":67,"column":19},"end":{"line":67,"column":62}},"35":{"start":{"line":68,"column":22},"end":{"line":71,"column":6}},"36":{"start":{"line":69,"column":47},"end":{"line":69,"column":52}},"37":{"start":{"line":70,"column":6},"end":{"line":70,"column":23}},"38":{"start":{"line":72,"column":4},"end":{"line":72,"column":43}},"39":{"start":{"line":74,"column":4},"end":{"line":74,"column":33}},"40":{"start":{"line":75,"column":4},"end":{"line":75,"column":65}},"41":{"start":{"line":80,"column":20},"end":{"line":102,"column":1}},"42":{"start":{"line":81,"column":69},"end":{"line":81,"column":77}},"43":{"start":{"line":83,"column":2},"end":{"line":101,"column":3}},"44":{"start":{"line":84,"column":27},"end":{"line":84,"column":93}},"45":{"start":{"line":85,"column":21},"end":{"line":93,"column":5}},"46":{"start":{"line":96,"column":48},"end":{"line":96,"column":55}},"47":{"start":{"line":97,"column":4},"end":{"line":97,"column":43}},"48":{"start":{"line":99,"column":4},"end":{"line":99,"column":33}},"49":{"start":{"line":100,"column":4},"end":{"line":100,"column":65}},"50":{"start":{"line":104,"column":0},"end":{"line":109,"column":2}}},"fnMap":{"0":{"name":"(anonymous_0)","decl":{"start":{"line":7,"column":22},"end":{"line":7,"column":23}},"loc":{"start":{"line":7,"column":42},"end":{"line":36,"column":1}},"line":7},"1":{"name":"(anonymous_1)","decl":{"start":{"line":39,"column":19},"end":{"line":39,"column":20}},"loc":{"start":{"line":39,"column":39},"end":{"line":62,"column":1}},"line":39},"2":{"name":"(anonymous_2)","decl":{"start":{"line":65,"column":21},"end":{"line":65,"column":22}},"loc":{"start":{"line":65,"column":41},"end":{"line":77,"column":1}},"line":65},"3":{"name":"(anonymous_3)","decl":{"start":{"line":68,"column":38},"end":{"line":68,"column":39}},"loc":{"start":{"line":68,"column":47},"end":{"line":71,"column":5}},"line":68},"4":{"name":"(anonymous_4)","decl":{"start":{"line":80,"column":20},"end":{"line":80,"column":21}},"loc":{"start":{"line":80,"column":40},"end":{"line":102,"column":1}},"line":80}},"branchMap":{"0":{"loc":{"start":{"line":9,"column":2},"end":{"line":11,"column":3}},"type":"if","locations":[{"start":{"line":9,"column":2},"end":{"line":11,"column":3}},{"start":{},"end":{}}],"line":9},"1":{"loc":{"start":{"line":18,"column":4},"end":{"line":20,"column":5}},"type":"if","locations":[{"start":{"line":18,"column":4},"end":{"line":20,"column":5}},{"start":{},"end":{}}],"line":18},"2":{"loc":{"start":{"line":45,"column":4},"end":{"line":47,"column":5}},"type":"if","locations":[{"start":{"line":45,"column":4},"end":{"line":47,"column":5}},{"start":{},"end":{}}],"line":45},"3":{"loc":{"start":{"line":51,"column":4},"end":{"line":53,"column":5}},"type":"if","locations":[{"start":{"line":51,"column":4},"end":{"line":53,"column":5}},{"start":{},"end":{}}],"line":51},"4":{"loc":{"start":{"line":84,"column":27},"end":{"line":84,"column":93}},"type":"cond-expr","locations":[{"start":{"line":84,"column":44},"end":{"line":84,"column":81}},{"start":{"line":84,"column":84},"end":{"line":84,"column":93}}],"line":84}},"s":{"0":1,"1":1,"2":1,"3":1,"4":1,"5":0,"6":0,"7":0,"8":0,"9":0,"10":0,"11":0,"12":0,"13":0,"14":0,"15":0,"16":0,"17":0,"18":0,"19":1,"20":0,"21":0,"22":0,"23":0,"24":0,"25":0,"26":0,"27":0,"28":0,"29":0,"30":0,"31":0,"32":1,"33":0,"34":0,"35":0,"36":0,"37":0,"38":0,"39":0,"40":0,"41":1,"42":0,"43":0,"44":0,"45":0,"46":0,"47":0,"48":0,"49":0,"50":1},"f":{"0":0,"1":0,"2":0,"3":0,"4":0},"b":{"0":[0,0],"1":[0,0],"2":[0,0],"3":[0,0],"4":[0,0]},"_coverageSchema":"1a1c01bbd47fc00a2c39e90264f33305004495a9","hash":"8447a23bac3b769eda41056e54865a0c1b0547c4"}
,"/src/app/src/controllers/attendance.controller.js": {"path":"/src/app/src/controllers/attendance.controller.js","statementMap":{"0":{"start":{"line":1,"column":13},"end":{"line":1,"column":39}},"1":{"start":{"line":4,"column":27},"end":{"line":30,"column":1}},"2":{"start":{"line":5,"column":21},"end":{"line":5,"column":29}},"3":{"start":{"line":6,"column":18},"end":{"line":6,"column":34}},"4":{"start":{"line":8,"column":2},"end":{"line":29,"column":3}},"5":{"start":{"line":10,"column":39},"end":{"line":13,"column":5}},"6":{"start":{"line":15,"column":4},"end":{"line":17,"column":5}},"7":{"start":{"line":16,"column":6},"end":{"line":16,"column":98}},"8":{"start":{"line":20,"column":36},"end":{"line":23,"column":5}},"9":{"start":{"line":25,"column":4},"end":{"line":25,"column":43}},"10":{"start":{"line":27,"column":4},"end":{"line":27,"column":33}},"11":{"start":{"line":28,"column":4},"end":{"line":28,"column":70}},"12":{"start":{"line":33,"column":22},"end":{"line":59,"column":1}},"13":{"start":{"line":34,"column":21},"end":{"line":34,"column":31}},"14":{"start":{"line":35,"column":18},"end":{"line":35,"column":34}},"15":{"start":{"line":37,"column":2},"end":{"line":58,"column":3}},"16":{"start":{"line":39,"column":33},"end":{"line":42,"column":5}},"17":{"start":{"line":44,"column":4},"end":{"line":46,"column":5}},"18":{"start":{"line":45,"column":6},"end":{"line":45,"column":83}},"19":{"start":{"line":49,"column":40},"end":{"line":52,"column":5}},"20":{"start":{"line":54,"column":4},"end":{"line":54,"column":47}},"21":{"start":{"line":56,"column":4},"end":{"line":56,"column":33}},"22":{"start":{"line":57,"column":4},"end":{"line":57,"column":70}},"23":{"start":{"line":62,"column":26},"end":{"line":70,"column":1}},"24":{"start":{"line":63,"column":2},"end":{"line":69,"column":3}},"25":{"start":{"line":64,"column":37},"end":{"line":64,"column":81}},"26":{"start":{"line":65,"column":4},"end":{"line":65,"column":41}},"27":{"start":{"line":67,"column":4},"end":{"line":67,"column":33}},"28":{"start":{"line":68,"column":4},"end":{"line":68,"column":70}},"29":{"start":{"line":73,"column":28},"end":{"line":91,"column":1}},"30":{"start":{"line":74,"column":22},"end":{"line":74,"column":32}},"31":{"start":{"line":76,"column":2},"end":{"line":90,"column":3}},"32":{"start":{"line":77,"column":39},"end":{"line":80,"column":5}},"33":{"start":{"line":82,"column":4},"end":{"line":84,"column":5}},"34":{"start":{"line":83,"column":6},"end":{"line":83,"column":91}},"35":{"start":{"line":86,"column":4},"end":{"line":86,"column":46}},"36":{"start":{"line":88,"column":4},"end":{"line":88,"column":33}},"37":{"start":{"line":89,"column":4},"end":{"line":89,"column":80}},"38":{"start":{"line":93,"column":0},"end":{"line":98,"column":2}}},"fnMap":{"0":{"name":"(anonymous_0)","decl":{"start":{"line":4,"column":27},"end":{"line":4,"column":28}},"loc":{"start":{"line":4,"column":47},"end":{"line":30,"column":1}},"line":4},"1":{"name":"(anonymous_1)","decl":{"start":{"line":33,"column":22},"end":{"line":33,"column":23}},"loc":{"start":{"line":33,"column":42},"end":{"line":59,"column":1}},"line":33},"2":{"name":"(anonymous_2)","decl":{"start":{"line":62,"column":26},"end":{"line":62,"column":27}},"loc":{"start":{"line":62,"column":46},"end":{"line":70,"column":1}},"line":62},"3":{"name":"(anonymous_3)","decl":{"start":{"line":73,"column":28},"end":{"line":73,"column":29}},"loc":{"start":{"line":73,"column":48},"end":{"line":91,"column":1}},"line":73}},"branchMap":{"0":{"loc":{"start":{"line":15,"column":4},"end":{"line":17,"column":5}},"type":"if","locations":[{"start":{"line":15,"column":4},"end":{"line":17,"column":5}},{"start":{},"end":{}}],"line":15},"1":{"loc":{"start":{"line":44,"column":4},"end":{"line":46,"column":5}},"type":"if","locations":[{"start":{"line":44,"column":4},"end":{"line":46,"column":5}},{"start":{},"end":{}}],"line":44},"2":{"loc":{"start":{"line":82,"column":4},"end":{"line":84,"column":5}},"type":"if","locations":[{"start":{"line":82,"column":4},"end":{"line":84,"column":5}},{"start":{},"end":{}}],"line":82}},"s":{"0":1,"1":1,"2":0,"3":0,"4":0,"5":0,"6":0,"7":0,"8":0,"9":0,"10":0,"11":0,"12":1,"13":0,"14":0,"15":0,"16":0,"17":0,"18":0,"19":0,"20":0,"21":0,"22":0,"23":1,"24":0,"25":0,"26":0,"27":0,"28":0,"29":1,"30":0,"31":0,"32":0,"33":0,"34":0,"35":0,"36":0,"37":0,"38":1},"f":{"0":0,"1":0,"2":0,"3":0},"b":{"0":[0,0],"1":[0,0],"2":[0,0]},"_coverageSchema":"1a1c01bbd47fc00a2c39e90264f33305004495a9","hash":"cc72b51d9403e5f17ae2751672dda6e82bcca741"}
,"/src/app/src/controllers/labs.controller.js": {"path":"/src/app/src/controllers/labs.controller.js","statementMap":{"0":{"start":{"line":1,"column":13},"end":{"line":1,"column":39}},"1":{"start":{"line":4,"column":19},"end":{"line":12,"column":1}},"2":{"start":{"line":5,"column":2},"end":{"line":11,"column":3}},"3":{"start":{"line":6,"column":21},"end":{"line":6,"column":59}},"4":{"start":{"line":7,"column":4},"end":{"line":7,"column":31}},"5":{"start":{"line":9,"column":4},"end":{"line":9,"column":33}},"6":{"start":{"line":10,"column":4},"end":{"line":10,"column":71}},"7":{"start":{"line":15,"column":19},"end":{"line":27,"column":1}},"8":{"start":{"line":16,"column":17},"end":{"line":16,"column":27}},"9":{"start":{"line":17,"column":2},"end":{"line":26,"column":3}},"10":{"start":{"line":18,"column":21},"end":{"line":18,"column":83}},"11":{"start":{"line":19,"column":4},"end":{"line":21,"column":5}},"12":{"start":{"line":20,"column":6},"end":{"line":20,"column":72}},"13":{"start":{"line":22,"column":4},"end":{"line":22,"column":34}},"14":{"start":{"line":24,"column":4},"end":{"line":24,"column":33}},"15":{"start":{"line":25,"column":4},"end":{"line":25,"column":69}},"16":{"start":{"line":30,"column":18},"end":{"line":50,"column":1}},"17":{"start":{"line":31,"column":23},"end":{"line":31,"column":31}},"18":{"start":{"line":32,"column":2},"end":{"line":49,"column":3}},"19":{"start":{"line":34,"column":34},"end":{"line":34,"column":104}},"20":{"start":{"line":35,"column":4},"end":{"line":37,"column":5}},"21":{"start":{"line":36,"column":6},"end":{"line":36,"column":71}},"22":{"start":{"line":40,"column":29},"end":{"line":43,"column":5}},"23":{"start":{"line":45,"column":4},"end":{"line":45,"column":36}},"24":{"start":{"line":47,"column":4},"end":{"line":47,"column":33}},"25":{"start":{"line":48,"column":4},"end":{"line":48,"column":67}},"26":{"start":{"line":53,"column":18},"end":{"line":74,"column":1}},"27":{"start":{"line":54,"column":17},"end":{"line":54,"column":27}},"28":{"start":{"line":55,"column":23},"end":{"line":55,"column":31}},"29":{"start":{"line":56,"column":2},"end":{"line":73,"column":3}},"30":{"start":{"line":58,"column":34},"end":{"line":58,"column":96}},"31":{"start":{"line":59,"column":4},"end":{"line":61,"column":5}},"32":{"start":{"line":60,"column":6},"end":{"line":60,"column":72}},"33":{"start":{"line":64,"column":33},"end":{"line":67,"column":5}},"34":{"start":{"line":69,"column":4},"end":{"line":69,"column":40}},"35":{"start":{"line":71,"column":4},"end":{"line":71,"column":33}},"36":{"start":{"line":72,"column":4},"end":{"line":72,"column":72}},"37":{"start":{"line":77,"column":18},"end":{"line":93,"column":1}},"38":{"start":{"line":78,"column":17},"end":{"line":78,"column":27}},"39":{"start":{"line":79,"column":2},"end":{"line":92,"column":3}},"40":{"start":{"line":81,"column":34},"end":{"line":81,"column":96}},"41":{"start":{"line":82,"column":4},"end":{"line":84,"column":5}},"42":{"start":{"line":83,"column":6},"end":{"line":83,"column":72}},"43":{"start":{"line":87,"column":4},"end":{"line":87,"column":65}},"44":{"start":{"line":88,"column":4},"end":{"line":88,"column":73}},"45":{"start":{"line":90,"column":4},"end":{"line":90,"column":33}},"46":{"start":{"line":91,"column":4},"end":{"line":91,"column":70}},"47":{"start":{"line":95,"column":0},"end":{"line":101,"column":2}}},"fnMap":{"0":{"name":"(anonymous_0)","decl":{"start":{"line":4,"column":19},"end":{"line":4,"column":20}},"loc":{"start":{"line":4,"column":39},"end":{"line":12,"column":1}},"line":4},"1":{"name":"(anonymous_1)","decl":{"start":{"line":15,"column":19},"end":{"line":15,"column":20}},"loc":{"start":{"line":15,"column":39},"end":{"line":27,"column":1}},"line":15},"2":{"name":"(anonymous_2)","decl":{"start":{"line":30,"column":18},"end":{"line":30,"column":19}},"loc":{"start":{"line":30,"column":38},"end":{"line":50,"column":1}},"line":30},"3":{"name":"(anonymous_3)","decl":{"start":{"line":53,"column":18},"end":{"line":53,"column":19}},"loc":{"start":{"line":53,"column":38},"end":{"line":74,"column":1}},"line":53},"4":{"name":"(anonymous_4)","decl":{"start":{"line":77,"column":18},"end":{"line":77,"column":19}},"loc":{"start":{"line":77,"column":38},"end":{"line":93,"column":1}},"line":77}},"branchMap":{"0":{"loc":{"start":{"line":19,"column":4},"end":{"line":21,"column":5}},"type":"if","locations":[{"start":{"line":19,"column":4},"end":{"line":21,"column":5}},{"start":{},"end":{}}],"line":19},"1":{"loc":{"start":{"line":35,"column":4},"end":{"line":37,"column":5}},"type":"if","locations":[{"start":{"line":35,"column":4},"end":{"line":37,"column":5}},{"start":{},"end":{}}],"line":35},"2":{"loc":{"start":{"line":59,"column":4},"end":{"line":61,"column":5}},"type":"if","locations":[{"start":{"line":59,"column":4},"end":{"line":61,"column":5}},{"start":{},"end":{}}],"line":59},"3":{"loc":{"start":{"line":82,"column":4},"end":{"line":84,"column":5}},"type":"if","locations":[{"start":{"line":82,"column":4},"end":{"line":84,"column":5}},{"start":{},"end":{}}],"line":82}},"s":{"0":1,"1":1,"2":0,"3":0,"4":0,"5":0,"6":0,"7":1,"8":0,"9":0,"10":0,"11":0,"12":0,"13":0,"14":0,"15":0,"16":1,"17":0,"18":0,"19":0,"20":0,"21":0,"22":0,"23":0,"24":0,"25":0,"26":1,"27":0,"28":0,"29":0,"30":0,"31":0,"32":0,"33":0,"34":0,"35":0,"36":0,"37":1,"38":0,"39":0,"40":0,"41":0,"42":0,"43":0,"44":0,"45":0,"46":0,"47":1},"f":{"0":0,"1":0,"2":0,"3":0,"4":0},"b":{"0":[0,0],"1":[0,0],"2":[0,0],"3":[0,0]},"_coverageSchema":"1a1c01bbd47fc00a2c39e90264f33305004495a9","hash":"683ce6588aec425383b42b52857fb58f62779806"}
,"/src/app/src/controllers/user.controller.js": {"path":"/src/app/src/controllers/user.controller.js","statementMap":{"0":{"start":{"line":1,"column":15},"end":{"line":1,"column":32}},"1":{"start":{"line":2,"column":13},"end":{"line":2,"column":39}},"2":{"start":{"line":3,"column":29},"end":{"line":3,"column":57}},"3":{"start":{"line":4,"column":22},"end":{"line":4,"column":54}},"4":{"start":{"line":7,"column":21},"end":{"line":40,"column":1}},"5":{"start":{"line":8,"column":17},"end":{"line":8,"column":38}},"6":{"start":{"line":9,"column":2},"end":{"line":11,"column":3}},"7":{"start":{"line":10,"column":4},"end":{"line":10,"column":60}},"8":{"start":{"line":13,"column":115},"end":{"line":13,"column":123}},"9":{"start":{"line":15,"column":2},"end":{"line":17,"column":3}},"10":{"start":{"line":16,"column":4},"end":{"line":16,"column":82}},"11":{"start":{"line":19,"column":2},"end":{"line":39,"column":3}},"12":{"start":{"line":21,"column":21},"end":{"line":21,"column":99}},"13":{"start":{"line":22,"column":4},"end":{"line":24,"column":5}},"14":{"start":{"line":23,"column":6},"end":{"line":23,"column":67}},"15":{"start":{"line":27,"column":27},"end":{"line":27,"column":63}},"16":{"start":{"line":28,"column":20},"end":{"line":31,"column":5}},"17":{"start":{"line":34,"column":18},"end":{"line":34,"column":48}},"18":{"start":{"line":35,"column":4},"end":{"line":35,"column":43}},"19":{"start":{"line":37,"column":4},"end":{"line":37,"column":33}},"20":{"start":{"line":38,"column":4},"end":{"line":38,"column":65}},"21":{"start":{"line":43,"column":18},"end":{"line":66,"column":1}},"22":{"start":{"line":44,"column":40},"end":{"line":44,"column":48}},"23":{"start":{"line":46,"column":2},"end":{"line":65,"column":3}},"24":{"start":{"line":48,"column":21},"end":{"line":48,"column":99}},"25":{"start":{"line":49,"column":4},"end":{"line":51,"column":5}},"26":{"start":{"line":50,"column":6},"end":{"line":50,"column":69}},"27":{"start":{"line":54,"column":20},"end":{"line":54,"column":78}},"28":{"start":{"line":55,"column":4},"end":{"line":57,"column":5}},"29":{"start":{"line":56,"column":6},"end":{"line":56,"column":69}},"30":{"start":{"line":60,"column":18},"end":{"line":60,"column":40}},"31":{"start":{"line":61,"column":4},"end":{"line":61,"column":43}},"32":{"start":{"line":63,"column":4},"end":{"line":63,"column":33}},"33":{"start":{"line":64,"column":4},"end":{"line":64,"column":65}},"34":{"start":{"line":69,"column":23},"end":{"line":84,"column":1}},"35":{"start":{"line":70,"column":2},"end":{"line":83,"column":3}},"36":{"start":{"line":71,"column":21},"end":{"line":71,"column":102}},"37":{"start":{"line":73,"column":4},"end":{"line":75,"column":5}},"38":{"start":{"line":74,"column":6},"end":{"line":74,"column":68}},"39":{"start":{"line":78,"column":46},"end":{"line":78,"column":53}},"40":{"start":{"line":79,"column":4},"end":{"line":79,"column":45}},"41":{"start":{"line":81,"column":4},"end":{"line":81,"column":33}},"42":{"start":{"line":82,"column":4},"end":{"line":82,"column":65}},"43":{"start":{"line":87,"column":26},"end":{"line":117,"column":1}},"44":{"start":{"line":88,"column":115},"end":{"line":88,"column":123}},"45":{"start":{"line":90,"column":2},"end":{"line":92,"column":3}},"46":{"start":{"line":91,"column":4},"end":{"line":91,"column":82}},"47":{"start":{"line":94,"column":2},"end":{"line":116,"column":3}},"48":{"start":{"line":95,"column":27},"end":{"line":95,"column":91}},"49":{"start":{"line":96,"column":21},"end":{"line":108,"column":5}},"50":{"start":{"line":111,"column":56},"end":{"line":111,"column":63}},"51":{"start":{"line":112,"column":4},"end":{"line":112,"column":52}},"52":{"start":{"line":114,"column":4},"end":{"line":114,"column":33}},"53":{"start":{"line":115,"column":4},"end":{"line":115,"column":65}},"54":{"start":{"line":119,"column":0},"end":{"line":124,"column":2}}},"fnMap":{"0":{"name":"(anonymous_0)","decl":{"start":{"line":7,"column":21},"end":{"line":7,"column":22}},"loc":{"start":{"line":7,"column":41},"end":{"line":40,"column":1}},"line":7},"1":{"name":"(anonymous_1)","decl":{"start":{"line":43,"column":18},"end":{"line":43,"column":19}},"loc":{"start":{"line":43,"column":38},"end":{"line":66,"column":1}},"line":43},"2":{"name":"(anonymous_2)","decl":{"start":{"line":69,"column":23},"end":{"line":69,"column":24}},"loc":{"start":{"line":69,"column":43},"end":{"line":84,"column":1}},"line":69},"3":{"name":"(anonymous_3)","decl":{"start":{"line":87,"column":26},"end":{"line":87,"column":27}},"loc":{"start":{"line":87,"column":46},"end":{"line":117,"column":1}},"line":87}},"branchMap":{"0":{"loc":{"start":{"line":9,"column":2},"end":{"line":11,"column":3}},"type":"if","locations":[{"start":{"line":9,"column":2},"end":{"line":11,"column":3}},{"start":{},"end":{}}],"line":9},"1":{"loc":{"start":{"line":15,"column":2},"end":{"line":17,"column":3}},"type":"if","locations":[{"start":{"line":15,"column":2},"end":{"line":17,"column":3}},{"start":{},"end":{}}],"line":15},"2":{"loc":{"start":{"line":22,"column":4},"end":{"line":24,"column":5}},"type":"if","locations":[{"start":{"line":22,"column":4},"end":{"line":24,"column":5}},{"start":{},"end":{}}],"line":22},"3":{"loc":{"start":{"line":49,"column":4},"end":{"line":51,"column":5}},"type":"if","locations":[{"start":{"line":49,"column":4},"end":{"line":51,"column":5}},{"start":{},"end":{}}],"line":49},"4":{"loc":{"start":{"line":55,"column":4},"end":{"line":57,"column":5}},"type":"if","locations":[{"start":{"line":55,"column":4},"end":{"line":57,"column":5}},{"start":{},"end":{}}],"line":55},"5":{"loc":{"start":{"line":73,"column":4},"end":{"line":75,"column":5}},"type":"if","locations":[{"start":{"line":73,"column":4},"end":{"line":75,"column":5}},{"start":{},"end":{}}],"line":73},"6":{"loc":{"start":{"line":90,"column":2},"end":{"line":92,"column":3}},"type":"if","locations":[{"start":{"line":90,"column":2},"end":{"line":92,"column":3}},{"start":{},"end":{}}],"line":90},"7":{"loc":{"start":{"line":90,"column":6},"end":{"line":90,"column":33}},"type":"binary-expr","locations":[{"start":{"line":90,"column":6},"end":{"line":90,"column":14}},{"start":{"line":90,"column":18},"end":{"line":90,"column":33}}],"line":90},"8":{"loc":{"start":{"line":95,"column":27},"end":{"line":95,"column":91}},"type":"cond-expr","locations":[{"start":{"line":95,"column":43},"end":{"line":95,"column":79}},{"start":{"line":95,"column":82},"end":{"line":95,"column":91}}],"line":95}},"s":{"0":1,"1":1,"2":1,"3":1,"4":1,"5":0,"6":0,"7":0,"8":0,"9":0,"10":0,"11":0,"12":0,"13":0,"14":0,"15":0,"16":0,"17":0,"18":0,"19":0,"20":0,"21":1,"22":0,"23":0,"24":0,"25":0,"26":0,"27":0,"28":0,"29":0,"30":0,"31":0,"32":0,"33":0,"34":1,"35":0,"36":0,"37":0,"38":0,"39":0,"40":0,"41":0,"42":0,"43":1,"44":0,"45":0,"46":0,"47":0,"48":0,"49":0,"50":0,"51":0,"52":0,"53":0,"54":1},"f":{"0":0,"1":0,"2":0,"3":0},"b":{"0":[0,0],"1":[0,0],"2":[0,0],"3":[0,0],"4":[0,0],"5":[0,0],"6":[0,0],"7":[0,0],"8":[0,0]},"_coverageSchema":"1a1c01bbd47fc00a2c39e90264f33305004495a9","hash":"15106a41d1c1cba628ea0a26b040699d87a24057"}
,"/src/app/src/routes/admin.routes.js": {"path":"/src/app/src/routes/admin.routes.js","statementMap":{"0":{"start":{"line":1,"column":16},"end":{"line":1,"column":34}},"1":{"start":{"line":2,"column":65},"end":{"line":2,"column":107}},"2":{"start":{"line":3,"column":27},"end":{"line":3,"column":60}},"3":{"start":{"line":5,"column":15},"end":{"line":5,"column":31}},"4":{"start":{"line":8,"column":0},"end":{"line":8,"column":34}},"5":{"start":{"line":11,"column":0},"end":{"line":11,"column":65}},"6":{"start":{"line":12,"column":0},"end":{"line":12,"column":61}},"7":{"start":{"line":13,"column":0},"end":{"line":13,"column":64}},"8":{"start":{"line":15,"column":0},"end":{"line":15,"column":24}}},"fnMap":{},"branchMap":{},"s":{"0":1,"1":1,"2":1,"3":1,"4":1,"5":1,"6":1,"7":1,"8":1},"f":{},"b":{},"_coverageSchema":"1a1c01bbd47fc00a2c39e90264f33305004495a9","hash":"17f7a30b5c06c7f48a6cf475ab426097bb204f47"}
,"/src/app/src/routes/attendance.routes.js": {"path":"/src/app/src/routes/attendance.routes.js","statementMap":{"0":{"start":{"line":1,"column":16},"end":{"line":1,"column":34}},"1":{"start":{"line":2,"column":86},"end":{"line":2,"column":133}},"2":{"start":{"line":3,"column":27},"end":{"line":3,"column":60}},"3":{"start":{"line":4,"column":15},"end":{"line":4,"column":31}},"4":{"start":{"line":7,"column":0},"end":{"line":7,"column":74}},"5":{"start":{"line":10,"column":0},"end":{"line":10,"column":80}},"6":{"start":{"line":13,"column":0},"end":{"line":13,"column":70}},"7":{"start":{"line":16,"column":0},"end":{"line":16,"column":90}},"8":{"start":{"line":18,"column":0},"end":{"line":18,"column":24}}},"fnMap":{},"branchMap":{},"s":{"0":1,"1":1,"2":1,"3":1,"4":1,"5":1,"6":1,"7":1,"8":1},"f":{},"b":{},"_coverageSchema":"1a1c01bbd47fc00a2c39e90264f33305004495a9","hash":"4ffa08405cfab8a49e548fb920f23482f486441f"}
,"/src/app/src/routes/labs.routes.js": {"path":"/src/app/src/routes/labs.routes.js","statementMap":{"0":{"start":{"line":1,"column":19},"end":{"line":1,"column":37}},"1":{"start":{"line":2,"column":68},"end":{"line":2,"column":109}},"2":{"start":{"line":3,"column":27},"end":{"line":3,"column":60}},"3":{"start":{"line":5,"column":15},"end":{"line":5,"column":23}},"4":{"start":{"line":8,"column":0},"end":{"line":8,"column":59}},"5":{"start":{"line":9,"column":0},"end":{"line":9,"column":63}},"6":{"start":{"line":12,"column":0},"end":{"line":12,"column":57}},"7":{"start":{"line":13,"column":0},"end":{"line":13,"column":60}},"8":{"start":{"line":14,"column":0},"end":{"line":14,"column":63}},"9":{"start":{"line":16,"column":0},"end":{"line":16,"column":24}}},"fnMap":{},"branchMap":{},"s":{"0":1,"1":1,"2":1,"3":1,"4":1,"5":1,"6":1,"7":1,"8":1,"9":1},"f":{},"b":{},"_coverageSchema":"1a1c01bbd47fc00a2c39e90264f33305004495a9","hash":"18c3d54d89ae70911402c2dfd057301e94b6ef05"}
,"/src/app/src/routes/user.routes.js": {"path":"/src/app/src/routes/user.routes.js","statementMap":{"0":{"start":{"line":1,"column":16},"end":{"line":1,"column":34}},"1":{"start":{"line":2,"column":71},"end":{"line":2,"column":112}},"2":{"start":{"line":3,"column":27},"end":{"line":3,"column":60}},"3":{"start":{"line":4,"column":15},"end":{"line":4,"column":31}},"4":{"start":{"line":7,"column":0},"end":{"line":7,"column":39}},"5":{"start":{"line":8,"column":0},"end":{"line":8,"column":33}},"6":{"start":{"line":11,"column":0},"end":{"line":11,"column":66}},"7":{"start":{"line":12,"column":0},"end":{"line":12,"column":69}},"8":{"start":{"line":14,"column":0},"end":{"line":14,"column":24}}},"fnMap":{},"branchMap":{},"s":{"0":1,"1":1,"2":1,"3":1,"4":1,"5":1,"6":1,"7":1,"8":1},"f":{},"b":{},"_coverageSchema":"1a1c01bbd47fc00a2c39e90264f33305004495a9","hash":"0bc2bf254b80d4af13843bdd6b0704d2ed080efa"}
,"/src/app/src/util/authMiddleware.js": {"path":"/src/app/src/util/authMiddleware.js","statementMap":{"0":{"start":{"line":1,"column":12},"end":{"line":1,"column":35}},"1":{"start":{"line":3,"column":23},"end":{"line":25,"column":1}},"2":{"start":{"line":3,"column":33},"end":{"line":25,"column":1}},"3":{"start":{"line":4,"column":21},"end":{"line":4,"column":46}},"4":{"start":{"line":5,"column":2},"end":{"line":7,"column":3}},"5":{"start":{"line":6,"column":4},"end":{"line":6,"column":66}},"6":{"start":{"line":9,"column":16},"end":{"line":9,"column":40}},"7":{"start":{"line":10,"column":2},"end":{"line":24,"column":5}},"8":{"start":{"line":11,"column":4},"end":{"line":13,"column":5}},"9":{"start":{"line":12,"column":6},"end":{"line":12,"column":64}},"10":{"start":{"line":14,"column":4},"end":{"line":14,"column":20}},"11":{"start":{"line":16,"column":4},"end":{"line":18,"column":5}},"12":{"start":{"line":17,"column":6},"end":{"line":17,"column":93}},"13":{"start":{"line":19,"column":4},"end":{"line":21,"column":5}},"14":{"start":{"line":20,"column":6},"end":{"line":20,"column":91}},"15":{"start":{"line":23,"column":4},"end":{"line":23,"column":11}},"16":{"start":{"line":27,"column":0},"end":{"line":27,"column":36}}},"fnMap":{"0":{"name":"(anonymous_0)","decl":{"start":{"line":3,"column":23},"end":{"line":3,"column":24}},"loc":{"start":{"line":3,"column":33},"end":{"line":25,"column":1}},"line":3},"1":{"name":"(anonymous_1)","decl":{"start":{"line":3,"column":33},"end":{"line":3,"column":34}},"loc":{"start":{"line":3,"column":53},"end":{"line":25,"column":1}},"line":3},"2":{"name":"(anonymous_2)","decl":{"start":{"line":10,"column":44},"end":{"line":10,"column":45}},"loc":{"start":{"line":10,"column":59},"end":{"line":24,"column":3}},"line":10}},"branchMap":{"0":{"loc":{"start":{"line":5,"column":2},"end":{"line":7,"column":3}},"type":"if","locations":[{"start":{"line":5,"column":2},"end":{"line":7,"column":3}},{"start":{},"end":{}}],"line":5},"1":{"loc":{"start":{"line":11,"column":4},"end":{"line":13,"column":5}},"type":"if","locations":[{"start":{"line":11,"column":4},"end":{"line":13,"column":5}},{"start":{},"end":{}}],"line":11},"2":{"loc":{"start":{"line":16,"column":4},"end":{"line":18,"column":5}},"type":"if","locations":[{"start":{"line":16,"column":4},"end":{"line":18,"column":5}},{"start":{},"end":{}}],"line":16},"3":{"loc":{"start":{"line":16,"column":8},"end":{"line":16,"column":42}},"type":"binary-expr","locations":[{"start":{"line":16,"column":8},"end":{"line":16,"column":26}},{"start":{"line":16,"column":30},"end":{"line":16,"column":42}}],"line":16},"4":{"loc":{"start":{"line":19,"column":4},"end":{"line":21,"column":5}},"type":"if","locations":[{"start":{"line":19,"column":4},"end":{"line":21,"column":5}},{"start":{},"end":{}}],"line":19},"5":{"loc":{"start":{"line":19,"column":8},"end":{"line":19,"column":41}},"type":"binary-expr","locations":[{"start":{"line":19,"column":8},"end":{"line":19,"column":24}},{"start":{"line":19,"column":28},"end":{"line":19,"column":41}}],"line":19}},"s":{"0":1,"1":1,"2":14,"3":0,"4":0,"5":0,"6":0,"7":0,"8":0,"9":0,"10":0,"11":0,"12":0,"13":0,"14":0,"15":0,"16":1},"f":{"0":14,"1":0,"2":0},"b":{"0":[0,0],"1":[0,0],"2":[0,0],"3":[0,0],"4":[0,0],"5":[0,0]},"_coverageSchema":"1a1c01bbd47fc00a2c39e90264f33305004495a9","hash":"ed867eae235ed559bf8f66bd3f49850fa9cc6cf0"}
,"/src/app/src/util/generateToken.js": {"path":"/src/app/src/util/generateToken.js","statementMap":{"0":{"start":{"line":1,"column":12},"end":{"line":1,"column":35}},"1":{"start":{"line":2,"column":0},"end":{"line":2,"column":56}},"2":{"start":{"line":4,"column":22},"end":{"line":14,"column":3}},"3":{"start":{"line":5,"column":4},"end":{"line":13,"column":6}},"4":{"start":{"line":16,"column":2},"end":{"line":16,"column":33}}},"fnMap":{"0":{"name":"(anonymous_0)","decl":{"start":{"line":4,"column":22},"end":{"line":4,"column":23}},"loc":{"start":{"line":4,"column":32},"end":{"line":14,"column":3}},"line":4}},"branchMap":{"0":{"loc":{"start":{"line":7,"column":17},"end":{"line":7,"column":46}},"type":"binary-expr","locations":[{"start":{"line":7,"column":17},"end":{"line":7,"column":29}},{"start":{"line":7,"column":33},"end":{"line":7,"column":46}}],"line":7},"1":{"loc":{"start":{"line":8,"column":15},"end":{"line":8,"column":50}},"type":"binary-expr","locations":[{"start":{"line":8,"column":15},"end":{"line":8,"column":30}},{"start":{"line":8,"column":34},"end":{"line":8,"column":50}}],"line":8},"2":{"loc":{"start":{"line":9,"column":17},"end":{"line":9,"column":38}},"type":"binary-expr","locations":[{"start":{"line":9,"column":17},"end":{"line":9,"column":29}},{"start":{"line":9,"column":33},"end":{"line":9,"column":38}}],"line":9}},"s":{"0":1,"1":1,"2":1,"3":0,"4":1},"f":{"0":0},"b":{"0":[0,0],"1":[0,0],"2":[0,0]},"_coverageSchema":"1a1c01bbd47fc00a2c39e90264f33305004495a9","hash":"c3f1cefa0f454823d308a62ba4879d6e7232f9d9"}
}
